[2019-03-19 18:40:12] [info] Start Program:
Path:"C:\Users\ilaza\source\repos\pharmacy\Debug\pharmacy.exe"
Arguments:
Working directory: "C:\Users\ilaza\source\repos\pharmacy\pharmacy\"
Modules: Selected: C:\Users\ilaza\source\repos\pharmacy\Debug\pharmacy.exe Excluded: 
Sources: Selected: C:\Users\ilaza\source\repos\pharmacy\pharmacy Excluded: main.c 
Log Level: Normal
Cover Children: 0
Aggregate by file: 1
Continue after C++ exception: 0
Optimized build support: 0
Export: Binary C:\Users\ilaza\AppData\Local\Temp\arhwqllx.toq 
Input coverage: 
Unified diff: 
Excluded line regular expressions: 
Substitute pdb source paths: 

[2019-03-19 18:40:12] [info] Module: C:\Users\ilaza\source\repos\pharmacy\Debug\pharmacy.exe is selected because it matches selected pattern: C:\Users\ilaza\source\repos\pharmacy\Debug\pharmacy.exe
[2019-03-19 18:40:12] [info] ----------------------------------------------------
[2019-03-19 18:40:12] [info] Coverage binary generated in file: C:\Users\ilaza\AppData\Local\Temp\arhwqllx.toq
[2019-03-19 18:40:12] [info] ----------------------------------------------------
